<?xml version="1.0" encoding="UTF-8"?>
<testng-results ignored="0" total="1" passed="1" failed="0" skipped="0">
  <reporter-output>
  </reporter-output>
  <suite started-at="2022-10-07T17:18:19 IST" name="Default suite" finished-at="2022-10-07T17:18:43 IST" duration-ms="23736">
    <groups>
    </groups>
    <test started-at="2022-10-07T17:18:19 IST" name="Default test" finished-at="2022-10-07T17:18:43 IST" duration-ms="23736">
      <class name="Mobile_Browser_TC_01">
        <test-method is-config="true" signature="Mobile_Google_Chrome_Base_File()[pri:0, instance:Mobile_Browser_TC_01@5386659f]" started-at="2022-10-07T17:18:19 IST" name="Mobile_Google_Chrome_Base_File" finished-at="2022-10-07T17:18:33 IST" duration-ms="14470" status="PASS">
          <reporter-output>
          </reporter-output>
        </test-method> <!-- Mobile_Google_Chrome_Base_File -->
        <test-method signature="Browser_TC01()[pri:0, instance:Mobile_Browser_TC_01@5386659f]" started-at="2022-10-07T17:18:33 IST" name="Browser_TC01" finished-at="2022-10-07T17:18:42 IST" duration-ms="8793" status="PASS">
          <reporter-output>
          </reporter-output>
        </test-method> <!-- Browser_TC01 -->
        <test-method is-config="true" signature="tearDown()[pri:0, instance:Mobile_Browser_TC_01@5386659f]" started-at="2022-10-07T17:18:42 IST" name="tearDown" finished-at="2022-10-07T17:18:43 IST" duration-ms="437" status="PASS">
          <reporter-output>
          </reporter-output>
        </test-method> <!-- tearDown -->
      </class> <!-- Mobile_Browser_TC_01 -->
    </test> <!-- Default test -->
  </suite> <!-- Default suite -->
</testng-results>
