<?xml version="1.0" encoding="UTF-8"?>
<testng-results ignored="0" total="1" passed="1" failed="0" skipped="0">
  <reporter-output>
  </reporter-output>
  <suite started-at="2022-10-04T17:58:43 IST" name="Default suite" finished-at="2022-10-04T17:58:52 IST" duration-ms="9489">
    <groups>
    </groups>
    <test started-at="2022-10-04T17:58:43 IST" name="Default test" finished-at="2022-10-04T17:58:52 IST" duration-ms="9489">
      <class name="Mobile_Browser">
        <test-method signature="Mobile_Google_Chrome_Base_File()[pri:0, instance:Mobile_Browser@58cbafc2]" started-at="2022-10-04T17:58:43 IST" name="Mobile_Google_Chrome_Base_File" finished-at="2022-10-04T17:58:52 IST" duration-ms="9463" status="PASS">
          <reporter-output>
          </reporter-output>
        </test-method> <!-- Mobile_Google_Chrome_Base_File -->
      </class> <!-- Mobile_Browser -->
    </test> <!-- Default test -->
  </suite> <!-- Default suite -->
</testng-results>
